<?xml version="1.0" encoding="UTF-8" ?>
<testsuite errors="0" failures="0" hostname="WIN-9R3ACT3QOJD" name="sql.junit.test.TestBoardElementDataInterface" tests="8" time="1.536" timestamp="2012-06-07T10:43:23">
  <properties>
[...]
</properties>
  <testcase classname="sql.junit.test.TestBoardElementDataInterface" name="testNewBoard" time="0.721" />
  <testcase classname="sql.junit.test.TestBoardElementDataInterface" name="testwriteNewImgeData" time="0.04" />
  <testcase classname="sql.junit.test.TestBoardElementDataInterface" name="testReadImageData" time="0.029" />
  <testcase classname="sql.junit.test.TestBoardElementDataInterface" name="testGetNewestID" time="0.048" />
  <testcase classname="sql.junit.test.TestBoardElementDataInterface" name="testGetUpdateList" time="0.0040" />
  <testcase classname="sql.junit.test.TestBoardElementDataInterface" name="testDeleteImageData" time="0.407" />
  <testcase classname="sql.junit.test.TestBoardElementDataInterface" name="testGetBoardIDList" time="0.0030" />
  <testcase classname="sql.junit.test.TestBoardElementDataInterface" name="testDeleteBoard" time="0.185" />
  <system-out><![CDATA[数据库连接成功
1
插入新白板:184
插入白板单元ID433java.util.ArrayList
插入白板单元ID434java.util.ArrayList
插入白板单元ID435java.util.ArrayList
删除白板1上单元435
1
插入新白板:598
已删除白板ID598
白板：598上没有图元，数量为0
]]></system-out>
  <system-err><![CDATA[]]></system-err>
</testsuite>
